hybridLockEclipse/ControlCenterLockerDemo/proguard/mapping.txt
android.support.v4.net.TrafficStatsCompat$1 -> android.support.v4.net.TrafficStatsCompat$1:
android.support.v4.net.TrafficStatsCompat$BaseTrafficStatsCompatImpl -> android.support.v4.net.TrafficStatsCompat$BaseTrafficStatsCompatImpl:
    java.lang.ThreadLocal mThreadSocketTags -> a
    void clearThreadStatsTag() -> clearThreadStatsTag
    int getThreadStatsTag() -> getThreadStatsTag
    void incrementOperationCount(int) -> incrementOperationCount
    void incrementOperationCount(int,int) -> incrementOperationCount
    void setThreadStatsTag(int) -> setThreadStatsTag
    void tagSocket(java.net.Socket) -> tagSocket
    void untagSocket(java.net.Socket) -> untagSocket
android.support.v4.net.TrafficStatsCompat$BaseTrafficStatsCompatImpl$1 -> android.support.v4.net.TrafficStatsCompat$BaseTrafficStatsCompatImpl$1:
    android.support.v4.net.TrafficStatsCompat$BaseTrafficStatsCompatImpl this$0 -> a
    java.lang.Object initialValue() -> initialValue
android.support.v4.net.TrafficStatsCompat$BaseTrafficStatsCompatImpl$SocketTags -> android.support.v4.net.TrafficStatsCompat$BaseTrafficStatsCompatImpl$SocketTags:
    int statsTag -> a
android.support.v4.net.TrafficStatsCompat$IcsTrafficStatsCompatImpl -> android.support.v4.net.TrafficStatsCompat$IcsTrafficStatsCompatImpl:
    void clearThreadStatsTag() -> clearThreadStatsTag
    int getThreadStatsTag() -> getThreadStatsTag
    void incrementOperationCount(int) -> incrementOperationCount
    void incrementOperationCount(int,int) -> incrementOperationCount
    void setThreadStatsTag(int) -> setThreadStatsTag
    void tagSocket(java.net.Socket) -> tagSocket
    void untagSocket(java.net.Socket) -> untagSocket
android.support.v4.net.TrafficStatsCompat$TrafficStatsCompatImpl -> android.support.v4.net.TrafficStatsCompat$TrafficStatsCompatImpl:
    void clearThreadStatsTag() -> clearThreadStatsTag
    int getThreadStatsTag() -> getThreadStatsTag
    void incrementOperationCount(int) -> incrementOperationCount
    void incrementOperationCount(int,int) -> incrementOperationCount
    void setThreadStatsTag(int) -> setThreadStatsTag
    void tagSocket(java.net.Socket) -> tagSocket
    void untagSocket(java.net.Socket) -> untagSocket
android.support.v4.net.TrafficStatsCompatIcs -> android.support.v4.net.TrafficStatsCompatIcs:
    void clearThreadStatsTag() -> clearThreadStatsTag
    int getThreadStatsTag() -> getThreadStatsTag
    void incrementOperationCount(int) -> incrementOperationCount
    void incrementOperationCount(int,int) -> incrementOperationCount
    void setThreadStatsTag(int) -> setThreadStatsTag
    void tagSocket(java.net.Socket) -> tagSocket
    void untagSocket(java.net.Socket) -> untagSocket
android.support.v4.os.ParcelableCompat -> android.support.v4.os.ParcelableCompat:
    android.os.Parcelable$Creator newCreator(android.support.v4.os.ParcelableCompatCreatorCallbacks) -> newCreator
android.support.v4.os.ParcelableCompat$CompatCreator -> android.support.v4.os.ParcelableCompat$CompatCreator:
    android.support.v4.os.ParcelableCompatCreatorCallbacks mCallbacks -> a
    java.lang.Object createFromParcel(android.os.Parcel) -> createFromParcel
    java.lang.Object[] newArray(int) -> newArray
android.support.v4.os.ParcelableCompatCreatorCallbacks -> android.support.v4.os.ParcelableCompatCreatorCallbacks:
    java.lang.Object createFromParcel(android.os.Parcel,java.lang.ClassLoader) -> createFromParcel
    java.lang.Object[] newArray(int) -> newArray
android.support.v4.os.ParcelableCompatCreatorHoneycombMR2 -> android.support.v4.os.ParcelableCompatCreatorHoneycombMR2:
    android.support.v4.os.ParcelableCompatCreatorCallbacks mCallbacks -> a
    java.lang.Object createFromParcel(android.os.Parcel) -> createFromParcel
    java.lang.Object createFromParcel(android.os.Parcel,java.lang.ClassLoader) -> createFromParcel
    java.lang.Object[] newArray(int) -> newArray